info: Apr-24-2022 23:11:40: 	connection is live at port no. 3000
info: Apr-24-2022 23:11:40: 	connection successful
info: Apr-24-2022 23:14:27: 	connection is live at port no. 3000
info: Apr-24-2022 23:14:27: 	connection successful
info: Apr-24-2022 23:16:07: 	connection is live at port no. 3000
info: Apr-24-2022 23:16:07: 	connection successful
info: Apr-24-2022 23:17:34: 	connection is live at port no. 3000
info: Apr-24-2022 23:17:34: 	connection successful
info: Apr-24-2022 23:18:01: 	connection is live at port no. 3000
info: Apr-24-2022 23:18:02: 	connection successful
info: Apr-24-2022 23:21:13: 	connection is live at port no. 3000
info: Apr-24-2022 23:21:13: 	connection successful
info: Apr-24-2022 23:21:42: 	connection is live at port no. 3000
info: Apr-24-2022 23:21:42: 	connection successful
info: Apr-24-2022 23:22:01: 	connection is live at port no. 3000
info: Apr-24-2022 23:22:01: 	connection successful
info: Apr-24-2022 23:32:30: 	connection is live at port no. 3000
info: Apr-24-2022 23:32:30: 	connection successful
info: Apr-24-2022 23:33:07: 	connection is live at port no. 3000
info: Apr-24-2022 23:33:07: 	connection successful
info: Apr-24-2022 23:33:46: 	connection is live at port no. 3000
info: Apr-24-2022 23:33:46: 	connection successful
info: Apr-24-2022 23:34:14: 	connection is live at port no. 3000
info: Apr-24-2022 23:34:14: 	connection successful
info: Apr-24-2022 23:35:37: 	connection is live at port no. 3000
info: Apr-24-2022 23:35:37: 	connection successful
info: Apr-24-2022 23:38:13: 	connection is live at port no. 3000
info: Apr-24-2022 23:38:13: 	connection successful
info: Apr-25-2022 08:00:07: 	connection is live at port no. 3000
info: Apr-25-2022 08:00:07: 	connection successful
info: Apr-25-2022 09:59:07: 	connection is live at port no. 3000
info: Apr-25-2022 09:59:07: 	connection successful
info: Apr-25-2022 09:59:23: 	connection is live at port no. 3000
info: Apr-25-2022 09:59:23: 	connection successful
info: Apr-25-2022 10:00:04: 	connection is live at port no. 3000
info: Apr-25-2022 10:00:04: 	connection successful
info: Apr-25-2022 10:04:01: 	connection is live at port no. 3000
info: Apr-25-2022 10:04:01: 	connection successful
info: Apr-25-2022 12:02:12: 	Server Sent A Hello World!
info: Apr-25-2022 17:23:38: 	Internal Server Error
info: Apr-25-2022 17:23:41: 	Internal Server Error
info: Apr-25-2022 22:59:38: 	connection is live at port no. 3000
info: Apr-25-2022 22:59:38: 	connection successful
info: Apr-25-2022 23:28:36: 	Server Sent A Hello World!
info: Apr-25-2022 23:29:52: 	connection is live at port no. 3000
info: Apr-25-2022 23:29:52: 	connection successful
info: Apr-25-2022 23:29:55: 	connection is live at port no. 3000
info: Apr-25-2022 23:29:55: 	connection successful
info: Apr-25-2022 23:29:57: 	Server Sent A Hello World!
info: Apr-25-2022 23:31:55: 	Server Sent A Hello World!
info: Apr-25-2022 23:34:12: 	Server Sent A Hello World!
info: Apr-25-2022 23:44:20: 	Server Sent A Hello World!
info: Apr-25-2022 23:48:01: 	Server Sent A Hello World!
info: Apr-26-2022 08:35:19: 	connection is live at port no. 3000
info: Apr-26-2022 08:35:19: 	connection successful
info: Apr-26-2022 08:36:12: 	connection is live at port no. 3000
info: Apr-26-2022 08:36:12: 	connection successful
info: Apr-26-2022 08:36:39: 	Server Sent A Hello World!
info: Apr-26-2022 10:14:32: 	connection is live at port no. 3000
info: Apr-26-2022 10:14:32: 	connection successful
info: Apr-26-2022 10:16:51: 	connection is live at port no. 3000
info: Apr-26-2022 10:16:51: 	connection successful
info: Apr-26-2022 10:17:54: 	connection is live at port no. 3000
info: Apr-26-2022 10:17:54: 	connection successful
info: Apr-26-2022 10:18:44: 	connection is live at port no. 3000
info: Apr-26-2022 10:18:44: 	connection successful
info: Apr-26-2022 10:20:34: 	connection is live at port no. 3000
info: Apr-26-2022 10:20:34: 	connection successful
info: Apr-26-2022 10:20:43: 	connection is live at port no. 3000
info: Apr-26-2022 10:20:43: 	connection successful
info: Apr-26-2022 10:41:31: 	connection is live at port no. 3000
info: Apr-26-2022 10:41:31: 	connection successful
info: Apr-26-2022 10:43:06: 	connection is live at port no. 3000
info: Apr-26-2022 10:43:06: 	connection successful
info: Apr-26-2022 11:58:55: 	connection is live at port no. 3000
info: Apr-26-2022 11:58:55: 	connection successful
info: Apr-26-2022 11:59:27: 	connection is live at port no. 3000
info: Apr-26-2022 11:59:28: 	connection successful
info: Apr-26-2022 12:02:51: 	connection is live at port no. 3000
info: Apr-26-2022 12:02:51: 	connection successful
info: Apr-26-2022 12:02:53: 	connection is live at port no. 3000
info: Apr-26-2022 12:02:53: 	connection successful
info: Apr-26-2022 12:11:20: 	Server Sent A Hello World!
info: Apr-26-2022 12:13:22: 	Server Sent A Hello World!
info: Apr-26-2022 12:13:39: 	Server Sent A Hello World!
info: Apr-26-2022 12:56:31: 	connection is live at port no. 3000
info: Apr-26-2022 12:56:31: 	connection successful
info: Apr-26-2022 12:56:38: 	connection is live at port no. 3000
info: Apr-26-2022 12:56:39: 	connection successful
info: Apr-26-2022 12:56:47: 	connection is live at port no. 3000
info: Apr-26-2022 12:56:47: 	connection successful
info: Apr-26-2022 16:45:25: 	connection is live at port no. 3000
info: Apr-26-2022 16:45:25: 	connection successful
info: Apr-26-2022 16:45:36: 	connection is live at port no. 3000
info: Apr-26-2022 16:45:37: 	connection successful
info: Apr-26-2022 16:47:07: 	connection is live at port no. 3000
info: Apr-26-2022 16:47:07: 	connection successful
info: Apr-26-2022 16:50:31: 	connection is live at port no. 3000
info: Apr-26-2022 16:50:31: 	connection successful
info: Apr-26-2022 16:50:44: 	connection is live at port no. 3000
info: Apr-26-2022 16:50:44: 	connection successful
info: Apr-26-2022 16:50:50: 	connection is live at port no. 3000
info: Apr-26-2022 16:50:50: 	connection successful
info: Apr-26-2022 16:55:49: 	connection is live at port no. 3000
info: Apr-26-2022 16:55:49: 	connection successful
info: Apr-26-2022 16:57:14: 	connection is live at port no. 3000
info: Apr-26-2022 16:57:14: 	connection successful
info: Apr-26-2022 16:57:25: 	connection is live at port no. 3000
info: Apr-26-2022 16:57:25: 	connection successful
info: Apr-26-2022 17:03:39: 	connection is live at port no. 3000
info: Apr-26-2022 17:03:39: 	connection successful
info: Apr-26-2022 17:03:52: 	connection is live at port no. 3000
info: Apr-26-2022 17:03:52: 	connection successful
info: Apr-26-2022 17:06:21: 	connection is live at port no. 3000
info: Apr-26-2022 17:06:21: 	connection successful
info: Apr-26-2022 17:39:54: 	connection is live at port no. 3000
info: Apr-26-2022 17:39:54: 	connection successful
info: Apr-26-2022 17:40:32: 	connection is live at port no. 3000
info: Apr-26-2022 17:40:32: 	connection successful
info: Apr-26-2022 17:50:28: 	connection is live at port no. 3000
info: Apr-26-2022 17:50:28: 	connection successful
info: Apr-26-2022 19:56:56: 	connection is live at port no. 3000
info: Apr-26-2022 19:56:56: 	connection successful
info: Apr-26-2022 20:02:17: 	connection is live at port no. 3000
info: Apr-26-2022 20:02:17: 	connection successful
info: Apr-26-2022 20:02:25: 	connection is live at port no. 3000
info: Apr-26-2022 20:02:25: 	connection successful
info: Apr-26-2022 20:39:51: 	connection is live at port no. 3000
info: Apr-26-2022 20:39:51: 	connection successful
info: Apr-26-2022 20:41:47: 	connection is live at port no. 3000
info: Apr-26-2022 20:41:47: 	connection successful
info: Apr-26-2022 20:42:55: 	connection is live at port no. 3000
info: Apr-26-2022 20:42:55: 	connection successful
info: Apr-26-2022 20:44:16: 	connection is live at port no. 3000
info: Apr-26-2022 20:44:16: 	connection successful
info: Apr-26-2022 20:44:56: 	connection is live at port no. 3000
info: Apr-26-2022 20:44:56: 	connection successful
info: Apr-26-2022 20:45:57: 	connection is live at port no. 3000
info: Apr-26-2022 20:45:57: 	connection successful
info: Apr-26-2022 20:46:23: 	connection is live at port no. 3000
info: Apr-26-2022 20:46:23: 	connection successful
info: Apr-26-2022 20:46:25: 	connection is live at port no. 3000
info: Apr-26-2022 20:46:25: 	connection successful
info: Apr-26-2022 20:47:39: 	connection is live at port no. 3000
info: Apr-26-2022 20:47:39: 	connection successful
info: Apr-26-2022 21:11:33: 	connection is live at port no. 3000
info: Apr-26-2022 21:11:33: 	connection successful
info: Apr-26-2022 21:19:40: 	connection is live at port no. 3000
info: Apr-26-2022 21:19:40: 	connection successful
info: Apr-26-2022 21:25:16: 	connection is live at port no. 3000
info: Apr-26-2022 21:25:16: 	connection successful
info: Apr-26-2022 21:29:02: 	connection is live at port no. 3000
info: Apr-26-2022 21:29:02: 	connection successful
info: Apr-26-2022 22:47:46: 	connection is live at port no. 3000
info: Apr-26-2022 22:47:46: 	connection successful
info: Apr-27-2022 12:16:14: 	connection is live at port no. 3000
info: Apr-27-2022 12:16:14: 	connection successful
info: Apr-27-2022 12:41:14: 	connection is live at port no. 3000
info: Apr-27-2022 12:41:14: 	connection successful
info: Apr-27-2022 12:41:34: 	connection is live at port no. 3000
info: Apr-27-2022 12:41:34: 	connection successful
info: Apr-27-2022 12:46:02: 	connection is live at port no. 3000
info: Apr-27-2022 12:46:02: 	connection successful
info: Apr-27-2022 12:47:11: 	connection is live at port no. 3000
info: Apr-27-2022 12:47:11: 	connection successful
info: May-05-2022 11:52:50: 	connection is live at port no. 3000
info: May-05-2022 11:52:50: 	connection successful
info: May-05-2022 11:58:34: 	connection is live at port no. 3000
info: May-05-2022 11:58:34: 	connection successful
info: May-05-2022 11:59:39: 	connection is live at port no. 3000
info: May-05-2022 11:59:39: 	connection successful
info: May-05-2022 12:28:42: 	connection is live at port no. 3000
info: May-05-2022 12:28:42: 	connection successful
info: May-05-2022 13:48:25: 	connection is live at port no. 3000
info: May-05-2022 13:48:25: 	connection successful
info: May-05-2022 13:48:30: 	connection is live at port no. 3000
info: May-05-2022 13:48:30: 	connection successful
info: May-05-2022 13:48:45: 	connection is live at port no. 3000
info: May-05-2022 13:48:45: 	connection successful
info: May-05-2022 13:49:25: 	connection is live at port no. 3000
info: May-05-2022 13:49:25: 	connection successful
info: May-05-2022 13:49:31: 	connection is live at port no. 3000
info: May-05-2022 13:49:31: 	connection successful
info: May-05-2022 13:49:42: 	connection is live at port no. 3000
info: May-05-2022 13:49:42: 	connection successful
info: May-05-2022 13:49:59: 	connection is live at port no. 3000
info: May-05-2022 13:49:59: 	connection successful
info: May-05-2022 13:50:11: 	connection is live at port no. 3000
info: May-05-2022 13:50:11: 	connection successful
info: May-05-2022 13:50:19: 	connection is live at port no. 3000
info: May-05-2022 13:50:19: 	connection successful
info: May-05-2022 13:50:29: 	connection is live at port no. 3000
info: May-05-2022 13:50:29: 	connection successful
info: May-05-2022 13:50:40: 	connection is live at port no. 3000
info: May-05-2022 13:50:40: 	connection successful
info: May-05-2022 13:51:17: 	connection is live at port no. 3000
info: May-05-2022 13:51:17: 	connection successful
info: May-05-2022 13:51:32: 	connection is live at port no. 3000
info: May-05-2022 13:51:32: 	connection successful
info: May-05-2022 13:51:39: 	connection is live at port no. 3000
info: May-05-2022 13:51:39: 	connection successful
info: May-05-2022 13:51:47: 	connection is live at port no. 3000
info: May-05-2022 13:51:47: 	connection successful
info: May-05-2022 13:52:06: 	connection is live at port no. 3000
info: May-05-2022 13:52:06: 	connection successful
info: May-05-2022 13:52:41: 	connection is live at port no. 3000
info: May-05-2022 13:52:41: 	connection successful
info: May-05-2022 13:52:51: 	connection is live at port no. 3000
info: May-05-2022 13:52:51: 	connection successful
info: May-05-2022 13:54:07: 	connection is live at port no. 3000
info: May-05-2022 13:54:07: 	connection successful
info: May-05-2022 13:54:14: 	connection is live at port no. 3000
info: May-05-2022 13:54:14: 	connection successful
info: May-05-2022 13:54:37: 	connection is live at port no. 3000
info: May-05-2022 13:54:37: 	connection successful
info: May-05-2022 13:54:46: 	connection is live at port no. 3000
info: May-05-2022 13:54:46: 	connection successful
info: May-05-2022 13:55:47: 	connection is live at port no. 3000
info: May-05-2022 13:55:47: 	connection successful
info: May-05-2022 13:57:08: 	connection is live at port no. 3000
info: May-05-2022 13:57:08: 	connection successful
info: May-05-2022 14:22:21: 	connection is live at port no. 3000
info: May-05-2022 14:22:21: 	connection successful
info: May-05-2022 17:19:35: 	connection is live at port no. 3000
info: May-05-2022 17:19:35: 	connection successful
info: May-05-2022 17:20:32: 	Internal Server Error
info: May-05-2022 17:36:55: 	connection is live at port no. 3000
info: May-05-2022 17:36:55: 	connection successful
info: May-05-2022 17:53:18: 	connection is live at port no. 3000
info: May-05-2022 17:53:18: 	connection successful
info: May-05-2022 21:38:23: 	connection is live at port no. 3000
info: May-05-2022 21:38:23: 	connection successful
info: May-09-2022 14:28:45: 	connection is live at port no. 3000
info: May-09-2022 14:28:45: 	connection successful
info: May-09-2022 15:05:21: 	connection is live at port no. 3000
info: May-09-2022 15:05:21: 	connection successful
info: May-09-2022 15:32:40: 	connection is live at port no. 3000
info: May-09-2022 15:32:40: 	connection successful
